c:\users\sfengchao\source\repos\vip\win-client\obj\debug\gifsmiley_debug\gifsmiley.pch
c:\users\sfengchao\source\repos\vip\win-client\obj\debug\gifsmiley_debug\vc141.pdb
c:\users\sfengchao\source\repos\vip\win-client\obj\debug\gifsmiley_debug\vc141.idb
c:\users\sfengchao\source\repos\vip\win-client\obj\debug\gifsmiley_debug\stdafx.obj
c:\users\sfengchao\source\repos\vip\win-client\obj\debug\gifsmiley_debug\maniimage.obj
c:\users\sfengchao\source\repos\vip\win-client\obj\debug\gifsmiley_debug\gifsmileyctrl.obj
c:\users\sfengchao\source\repos\vip\win-client\obj\debug\gifsmiley_debug\gifsmiley.obj
c:\users\sfengchao\source\repos\vip\win-client\lib\debug\gifsmiley.lib
c:\users\sfengchao\source\repos\vip\win-client\lib\debug\gifsmiley.exp
c:\users\sfengchao\source\repos\vip\win-client\bin\teamtalk\debug\gifsmiley.dll
c:\users\sfengchao\source\repos\vip\win-client\src\gifsmiley\vc140.idl
c:\users\sfengchao\source\repos\vip\win-client\src\gifsmiley\vc140.tlb
c:\users\sfengchao\source\repos\vip\win-client\src\gifsmiley\vc140_p.c
c:\users\sfengchao\source\repos\vip\win-client\src\gifsmiley\dlldata.c
c:\users\sfengchao\source\repos\vip\win-client\src\gifsmiley\vc140_i.c
c:\users\sfengchao\source\repos\vip\win-client\src\gifsmiley\vc140.h
c:\users\sfengchao\source\repos\vip\win-client\bin\teamtalk\debug\gifsmiley.pdb
c:\users\sfengchao\source\repos\vip\win-client\obj\debug\gifsmiley_debug\gifsmiley.res
c:\users\sfengchao\source\repos\vip\win-client\solution\\..\bin\teamtalk\debug\gifsmiley.pdb
c:\users\sfengchao\source\repos\vip\win-client\solution\\..\bin\teamtalk\debug\gifsmiley.dll
c:\users\sfengchao\source\repos\vip\win-client\obj\debug\gifsmiley_debug\gifsmiley.tlog\cl.command.1.tlog
c:\users\sfengchao\source\repos\vip\win-client\obj\debug\gifsmiley_debug\gifsmiley.tlog\cl.read.1.tlog
c:\users\sfengchao\source\repos\vip\win-client\obj\debug\gifsmiley_debug\gifsmiley.tlog\cl.write.1.tlog
c:\users\sfengchao\source\repos\vip\win-client\obj\debug\gifsmiley_debug\gifsmiley.tlog\gifsmiley.write.1u.tlog
c:\users\sfengchao\source\repos\vip\win-client\obj\debug\gifsmiley_debug\gifsmiley.tlog\link.command.1.tlog
c:\users\sfengchao\source\repos\vip\win-client\obj\debug\gifsmiley_debug\gifsmiley.tlog\link.read.1.tlog
c:\users\sfengchao\source\repos\vip\win-client\obj\debug\gifsmiley_debug\gifsmiley.tlog\link.write.1.tlog
c:\users\sfengchao\source\repos\vip\win-client\obj\debug\gifsmiley_debug\gifsmiley.tlog\rc.command.1.tlog
c:\users\sfengchao\source\repos\vip\win-client\obj\debug\gifsmiley_debug\gifsmiley.tlog\rc.read.1.tlog
c:\users\sfengchao\source\repos\vip\win-client\obj\debug\gifsmiley_debug\gifsmiley.tlog\rc.write.1.tlog
