c:\users\sfengchao\source\repos\vip\win-client\obj\debug\libspeex_debug\libspeex.pdb
c:\users\sfengchao\source\repos\vip\win-client\obj\debug\libspeex_debug\libspeex.idb
c:\users\sfengchao\source\repos\vip\win-client\obj\debug\libspeex_debug\nb_celp.obj
c:\users\sfengchao\source\repos\vip\win-client\obj\debug\libspeex_debug\preprocess.obj
c:\users\sfengchao\source\repos\vip\win-client\obj\debug\libspeex_debug\quant_lsp.obj
c:\users\sfengchao\source\repos\vip\win-client\obj\debug\libspeex_debug\resample.obj
c:\users\sfengchao\source\repos\vip\win-client\obj\debug\libspeex_debug\sb_celp.obj
c:\users\sfengchao\source\repos\vip\win-client\obj\debug\libspeex_debug\scal.obj
c:\users\sfengchao\source\repos\vip\win-client\obj\debug\libspeex_debug\smallft.obj
c:\users\sfengchao\source\repos\vip\win-client\obj\debug\libspeex_debug\speex.obj
c:\users\sfengchao\source\repos\vip\win-client\obj\debug\libspeex_debug\speex_callbacks.obj
c:\users\sfengchao\source\repos\vip\win-client\obj\debug\libspeex_debug\speex_header.obj
c:\users\sfengchao\source\repos\vip\win-client\obj\debug\libspeex_debug\stereo.obj
c:\users\sfengchao\source\repos\vip\win-client\obj\debug\libspeex_debug\testdenoise.obj
c:\users\sfengchao\source\repos\vip\win-client\obj\debug\libspeex_debug\testecho.obj
c:\users\sfengchao\source\repos\vip\win-client\obj\debug\libspeex_debug\testenc.obj
c:\users\sfengchao\source\repos\vip\win-client\obj\debug\libspeex_debug\testenc_uwb.obj
c:\users\sfengchao\source\repos\vip\win-client\obj\debug\libspeex_debug\testenc_wb.obj
c:\users\sfengchao\source\repos\vip\win-client\obj\debug\libspeex_debug\testjitter.obj
c:\users\sfengchao\source\repos\vip\win-client\obj\debug\libspeex_debug\vbr.obj
c:\users\sfengchao\source\repos\vip\win-client\obj\debug\libspeex_debug\vq.obj
c:\users\sfengchao\source\repos\vip\win-client\obj\debug\libspeex_debug\window.obj
c:\users\sfengchao\source\repos\vip\win-client\obj\debug\libspeex_debug\exc_5_64_table.obj
c:\users\sfengchao\source\repos\vip\win-client\obj\debug\libspeex_debug\exc_8_128_table.obj
c:\users\sfengchao\source\repos\vip\win-client\obj\debug\libspeex_debug\fftwrap.obj
c:\users\sfengchao\source\repos\vip\win-client\obj\debug\libspeex_debug\filterbank.obj
c:\users\sfengchao\source\repos\vip\win-client\obj\debug\libspeex_debug\filters.obj
c:\users\sfengchao\source\repos\vip\win-client\obj\debug\libspeex_debug\gain_table.obj
c:\users\sfengchao\source\repos\vip\win-client\obj\debug\libspeex_debug\gain_table_lbr.obj
c:\users\sfengchao\source\repos\vip\win-client\obj\debug\libspeex_debug\hexc_10_32_table.obj
c:\users\sfengchao\source\repos\vip\win-client\obj\debug\libspeex_debug\hexc_table.obj
c:\users\sfengchao\source\repos\vip\win-client\obj\debug\libspeex_debug\high_lsp_tables.obj
c:\users\sfengchao\source\repos\vip\win-client\obj\debug\libspeex_debug\jitter.obj
c:\users\sfengchao\source\repos\vip\win-client\obj\debug\libspeex_debug\kiss_fft.obj
c:\users\sfengchao\source\repos\vip\win-client\obj\debug\libspeex_debug\kiss_fftr.obj
c:\users\sfengchao\source\repos\vip\win-client\obj\debug\libspeex_debug\lpc.obj
c:\users\sfengchao\source\repos\vip\win-client\obj\debug\libspeex_debug\lsp.obj
c:\users\sfengchao\source\repos\vip\win-client\obj\debug\libspeex_debug\lsp_tables_nb.obj
c:\users\sfengchao\source\repos\vip\win-client\obj\debug\libspeex_debug\ltp.obj
c:\users\sfengchao\source\repos\vip\win-client\obj\debug\libspeex_debug\mdf.obj
c:\users\sfengchao\source\repos\vip\win-client\obj\debug\libspeex_debug\modes.obj
c:\users\sfengchao\source\repos\vip\win-client\obj\debug\libspeex_debug\modes_wb.obj
c:\users\sfengchao\source\repos\vip\win-client\obj\debug\libspeex_debug\bits.obj
c:\users\sfengchao\source\repos\vip\win-client\obj\debug\libspeex_debug\buffer.obj
c:\users\sfengchao\source\repos\vip\win-client\obj\debug\libspeex_debug\cb_search.obj
c:\users\sfengchao\source\repos\vip\win-client\obj\debug\libspeex_debug\exc_10_16_table.obj
c:\users\sfengchao\source\repos\vip\win-client\obj\debug\libspeex_debug\exc_10_32_table.obj
c:\users\sfengchao\source\repos\vip\win-client\obj\debug\libspeex_debug\exc_20_32_table.obj
c:\users\sfengchao\source\repos\vip\win-client\obj\debug\libspeex_debug\exc_5_256_table.obj
c:\users\sfengchao\source\repos\vip\win-client\lib\debug\libspeex.lib
c:\users\sfengchao\source\repos\vip\win-client\solution\\..\bin\teamtalk\debug\libspeex.pdb
c:\users\sfengchao\source\repos\vip\win-client\obj\debug\libspeex_debug\libspeex.tlog\cl.command.1.tlog
c:\users\sfengchao\source\repos\vip\win-client\obj\debug\libspeex_debug\libspeex.tlog\cl.read.1.tlog
c:\users\sfengchao\source\repos\vip\win-client\obj\debug\libspeex_debug\libspeex.tlog\cl.write.1.tlog
c:\users\sfengchao\source\repos\vip\win-client\obj\debug\libspeex_debug\libspeex.tlog\lib-link.read.1.tlog
c:\users\sfengchao\source\repos\vip\win-client\obj\debug\libspeex_debug\libspeex.tlog\lib-link.write.1.tlog
c:\users\sfengchao\source\repos\vip\win-client\obj\debug\libspeex_debug\libspeex.tlog\lib.command.1.tlog
