c:\users\sfengchao\source\repos\vip\win-client\obj\debug\network_debug\network.pch
c:\users\sfengchao\source\repos\vip\win-client\obj\debug\network_debug\vc141.pdb
c:\users\sfengchao\source\repos\vip\win-client\obj\debug\network_debug\vc141.idb
c:\users\sfengchao\source\repos\vip\win-client\obj\debug\network_debug\dllmain.obj
c:\users\sfengchao\source\repos\vip\win-client\obj\debug\network_debug\utilpdu.obj
c:\users\sfengchao\source\repos\vip\win-client\obj\debug\network_debug\util.obj
c:\users\sfengchao\source\repos\vip\win-client\obj\debug\network_debug\ttpbheader.obj
c:\users\sfengchao\source\repos\vip\win-client\obj\debug\network_debug\tcpsocketsmanager.obj
c:\users\sfengchao\source\repos\vip\win-client\obj\debug\network_debug\operationmanager.obj
c:\users\sfengchao\source\repos\vip\win-client\obj\debug\network_debug\operation.obj
c:\users\sfengchao\source\repos\vip\win-client\obj\debug\network_debug\network.obj
c:\users\sfengchao\source\repos\vip\win-client\obj\debug\network_debug\netlib.obj
c:\users\sfengchao\source\repos\vip\win-client\obj\debug\network_debug\lock.obj
c:\users\sfengchao\source\repos\vip\win-client\obj\debug\network_debug\imcore.obj
c:\users\sfengchao\source\repos\vip\win-client\obj\debug\network_debug\imconn.obj
c:\users\sfengchao\source\repos\vip\win-client\obj\debug\network_debug\eventdispatch.obj
c:\users\sfengchao\source\repos\vip\win-client\obj\debug\network_debug\basesocket.obj
c:\users\sfengchao\source\repos\vip\win-client\obj\debug\network_debug\yaolog.obj
c:\users\sfengchao\source\repos\vip\win-client\obj\debug\network_debug\stdafx.obj
c:\users\sfengchao\source\repos\vip\win-client\bin\teamtalk\debug\network.ilk
c:\users\sfengchao\source\repos\vip\win-client\bin\teamtalk\debug\network.dll
c:\users\sfengchao\source\repos\vip\win-client\bin\teamtalk\debug\network.pdb
c:\users\sfengchao\source\repos\vip\win-client\lib\debug\network.lib
c:\users\sfengchao\source\repos\vip\win-client\lib\debug\network.exp
c:\users\sfengchao\source\repos\vip\win-client\solution\\..\bin\teamtalk\debug\network.pdb
c:\users\sfengchao\source\repos\vip\win-client\solution\\..\bin\teamtalk\debug\network.dll
c:\users\sfengchao\source\repos\vip\win-client\solution\\..\bin\teamtalk\debug\network.ilk
c:\users\sfengchao\source\repos\vip\win-client\obj\debug\network_debug\network.tlog\cl.command.1.tlog
c:\users\sfengchao\source\repos\vip\win-client\obj\debug\network_debug\network.tlog\cl.read.1.tlog
c:\users\sfengchao\source\repos\vip\win-client\obj\debug\network_debug\network.tlog\cl.write.1.tlog
c:\users\sfengchao\source\repos\vip\win-client\obj\debug\network_debug\network.tlog\link.command.1.tlog
c:\users\sfengchao\source\repos\vip\win-client\obj\debug\network_debug\network.tlog\link.read.1.tlog
c:\users\sfengchao\source\repos\vip\win-client\obj\debug\network_debug\network.tlog\link.write.1.tlog
c:\users\sfengchao\source\repos\vip\win-client\obj\debug\network_debug\network.tlog\network.write.1u.tlog
