c:\users\sfengchao\source\repos\vip\win-client\obj\debug\speexdec_debug\vc141.pdb
c:\users\sfengchao\source\repos\vip\win-client\obj\debug\speexdec_debug\vc141.idb
c:\users\sfengchao\source\repos\vip\win-client\obj\debug\speexdec_debug\getopt.obj
c:\users\sfengchao\source\repos\vip\win-client\obj\debug\speexdec_debug\getopt1.obj
c:\users\sfengchao\source\repos\vip\win-client\obj\debug\speexdec_debug\skeleton.obj
c:\users\sfengchao\source\repos\vip\win-client\obj\debug\speexdec_debug\speexdec.obj
c:\users\sfengchao\source\repos\vip\win-client\obj\debug\speexdec_debug\wav_io.obj
c:\users\sfengchao\source\repos\vip\win-client\obj\debug\speexdec_debug\wave_out.obj
c:\users\sfengchao\source\repos\vip\win-client\bin\teamtalk\debug\speexdec.ilk
c:\users\sfengchao\source\repos\vip\win-client\bin\teamtalk\debug\speexdec.exe
c:\users\sfengchao\source\repos\vip\win-client\bin\teamtalk\debug\speexdec.pdb
c:\users\sfengchao\source\repos\vip\win-client\solution\\..\bin\teamtalk\debug\speexdec.pdb
c:\users\sfengchao\source\repos\vip\win-client\solution\\..\bin\teamtalk\debug\speexdec.exe
c:\users\sfengchao\source\repos\vip\win-client\solution\\..\bin\teamtalk\debug\speexdec.ilk
c:\users\sfengchao\source\repos\vip\win-client\obj\debug\speexdec_debug\speexdec.tlog\cl.command.1.tlog
c:\users\sfengchao\source\repos\vip\win-client\obj\debug\speexdec_debug\speexdec.tlog\cl.read.1.tlog
c:\users\sfengchao\source\repos\vip\win-client\obj\debug\speexdec_debug\speexdec.tlog\cl.write.1.tlog
c:\users\sfengchao\source\repos\vip\win-client\obj\debug\speexdec_debug\speexdec.tlog\link.command.1.tlog
c:\users\sfengchao\source\repos\vip\win-client\obj\debug\speexdec_debug\speexdec.tlog\link.read.1.tlog
c:\users\sfengchao\source\repos\vip\win-client\obj\debug\speexdec_debug\speexdec.tlog\link.write.1.tlog
