c:\users\sfengchao\source\repos\vip\win-client\obj\debug\duilib_debug\duilib.pch
c:\users\sfengchao\source\repos\vip\win-client\obj\debug\duilib_debug\vc141.pdb
c:\users\sfengchao\source\repos\vip\win-client\obj\debug\duilib_debug\vc141.idb
c:\users\sfengchao\source\repos\vip\win-client\obj\debug\duilib_debug\stdafx.obj
c:\users\sfengchao\source\repos\vip\win-client\obj\debug\duilib_debug\uitilelayout.obj
c:\users\sfengchao\source\repos\vip\win-client\obj\debug\duilib_debug\uiverticallayout.obj
c:\users\sfengchao\source\repos\vip\win-client\obj\debug\duilib_debug\uiactivex.obj
c:\users\sfengchao\source\repos\vip\win-client\obj\debug\duilib_debug\uibutton.obj
c:\users\sfengchao\source\repos\vip\win-client\obj\debug\duilib_debug\uicheckbox.obj
c:\users\sfengchao\source\repos\vip\win-client\obj\debug\duilib_debug\uicombo.obj
c:\users\sfengchao\source\repos\vip\win-client\obj\debug\duilib_debug\uicombobox.obj
c:\users\sfengchao\source\repos\vip\win-client\obj\debug\duilib_debug\uidatetime.obj
c:\users\sfengchao\source\repos\vip\win-client\obj\debug\duilib_debug\uiedit.obj
c:\users\sfengchao\source\repos\vip\win-client\obj\debug\duilib_debug\uiflash.obj
c:\users\sfengchao\source\repos\vip\win-client\obj\debug\duilib_debug\uilabel.obj
c:\users\sfengchao\source\repos\vip\win-client\obj\debug\duilib_debug\uilist.obj
c:\users\sfengchao\source\repos\vip\win-client\obj\debug\duilib_debug\uioption.obj
c:\users\sfengchao\source\repos\vip\win-client\obj\debug\duilib_debug\uiprogress.obj
c:\users\sfengchao\source\repos\vip\win-client\obj\debug\duilib_debug\uirichedit.obj
c:\users\sfengchao\source\repos\vip\win-client\obj\debug\duilib_debug\uiscrollbar.obj
c:\users\sfengchao\source\repos\vip\win-client\obj\debug\duilib_debug\uislider.obj
c:\users\sfengchao\source\repos\vip\win-client\obj\debug\duilib_debug\uitext.obj
c:\users\sfengchao\source\repos\vip\win-client\obj\debug\duilib_debug\uitreeview.obj
c:\users\sfengchao\source\repos\vip\win-client\obj\debug\duilib_debug\uiwebbrowser.obj
c:\users\sfengchao\source\repos\vip\win-client\obj\debug\duilib_debug\uigifanim.obj
c:\users\sfengchao\source\repos\vip\win-client\obj\debug\duilib_debug\uimenu.obj
c:\users\sfengchao\source\repos\vip\win-client\obj\debug\duilib_debug\uilib.obj
c:\users\sfengchao\source\repos\vip\win-client\obj\debug\duilib_debug\dialogmanager.obj
c:\users\sfengchao\source\repos\vip\win-client\obj\debug\duilib_debug\uishadow.obj
c:\users\sfengchao\source\repos\vip\win-client\obj\debug\duilib_debug\winimplbase.obj
c:\users\sfengchao\source\repos\vip\win-client\obj\debug\duilib_debug\uidelegate.obj
c:\users\sfengchao\source\repos\vip\win-client\obj\debug\duilib_debug\utils.obj
c:\users\sfengchao\source\repos\vip\win-client\obj\debug\duilib_debug\uibase.obj
c:\users\sfengchao\source\repos\vip\win-client\obj\debug\duilib_debug\uicontainer.obj
c:\users\sfengchao\source\repos\vip\win-client\obj\debug\duilib_debug\uicontrol.obj
c:\users\sfengchao\source\repos\vip\win-client\obj\debug\duilib_debug\uidlgbuilder.obj
c:\users\sfengchao\source\repos\vip\win-client\obj\debug\duilib_debug\uimanager.obj
c:\users\sfengchao\source\repos\vip\win-client\obj\debug\duilib_debug\uimarkup.obj
c:\users\sfengchao\source\repos\vip\win-client\obj\debug\duilib_debug\uirender.obj
c:\users\sfengchao\source\repos\vip\win-client\obj\debug\duilib_debug\uichildlayout.obj
c:\users\sfengchao\source\repos\vip\win-client\obj\debug\duilib_debug\uihorizontallayout.obj
c:\users\sfengchao\source\repos\vip\win-client\obj\debug\duilib_debug\uitablayout.obj
c:\users\sfengchao\source\repos\vip\win-client\obj\debug\duilib_debug\stb_image.obj
c:\users\sfengchao\source\repos\vip\win-client\obj\debug\duilib_debug\xunzip.obj
c:\users\sfengchao\source\repos\vip\win-client\lib\debug\duilib.lib
c:\users\sfengchao\source\repos\vip\win-client\lib\debug\duilib.exp
c:\users\sfengchao\source\repos\vip\win-client\bin\teamtalk\debug\duilib.dll
c:\users\sfengchao\source\repos\vip\win-client\bin\teamtalk\debug\duilib.pdb
c:\users\sfengchao\source\repos\vip\win-client\solution\..\bin\teamtalk\debug\duilib.pdb
c:\users\sfengchao\source\repos\vip\win-client\solution\..\bin\teamtalk\debug\duilib.dll
c:\users\sfengchao\source\repos\vip\win-client\obj\debug\duilib_debug\duilib.tlog\cl.command.1.tlog
c:\users\sfengchao\source\repos\vip\win-client\obj\debug\duilib_debug\duilib.tlog\cl.read.1.tlog
c:\users\sfengchao\source\repos\vip\win-client\obj\debug\duilib_debug\duilib.tlog\cl.write.1.tlog
c:\users\sfengchao\source\repos\vip\win-client\obj\debug\duilib_debug\duilib.tlog\duilib.write.1u.tlog
c:\users\sfengchao\source\repos\vip\win-client\obj\debug\duilib_debug\duilib.tlog\link.command.1.tlog
c:\users\sfengchao\source\repos\vip\win-client\obj\debug\duilib_debug\duilib.tlog\link.read.1.tlog
c:\users\sfengchao\source\repos\vip\win-client\obj\debug\duilib_debug\duilib.tlog\link.write.1.tlog
