c:\users\sfengchao\source\repos\vip\win-client\obj\debug\httpclient_debug\vc141.pdb
c:\users\sfengchao\source\repos\vip\win-client\obj\debug\httpclient_debug\vc141.idb
c:\users\sfengchao\source\repos\vip\win-client\obj\debug\httpclient_debug\util.obj
c:\users\sfengchao\source\repos\vip\win-client\obj\debug\httpclient_debug\url_parser.obj
c:\users\sfengchao\source\repos\vip\win-client\obj\debug\httpclient_debug\streaming_socket.obj
c:\users\sfengchao\source\repos\vip\win-client\obj\debug\httpclient_debug\socket_helper.obj
c:\users\sfengchao\source\repos\vip\win-client\obj\debug\httpclient_debug\proxy_socket .obj
c:\users\sfengchao\source\repos\vip\win-client\obj\debug\httpclient_debug\http_response_receiver.obj
c:\users\sfengchao\source\repos\vip\win-client\obj\debug\httpclient_debug\http_response.obj
c:\users\sfengchao\source\repos\vip\win-client\obj\debug\httpclient_debug\http_request.obj
c:\users\sfengchao\source\repos\vip\win-client\obj\debug\httpclient_debug\http_post_file.obj
c:\users\sfengchao\source\repos\vip\win-client\obj\debug\httpclient_debug\http_header_parser.obj
c:\users\sfengchao\source\repos\vip\win-client\obj\debug\httpclient_debug\http_client.obj
c:\users\sfengchao\source\repos\vip\win-client\obj\debug\httpclient_debug\file_writer.obj
c:\users\sfengchao\source\repos\vip\win-client\obj\debug\httpclient_debug\file_reader.obj
c:\users\sfengchao\source\repos\vip\win-client\obj\debug\httpclient_debug\dll_init.obj
c:\users\sfengchao\source\repos\vip\win-client\obj\debug\httpclient_debug\base64.obj
c:\users\sfengchao\source\repos\vip\win-client\lib\debug\httpclient.lib
c:\users\sfengchao\source\repos\vip\win-client\lib\debug\httpclient.exp
c:\users\sfengchao\source\repos\vip\win-client\bin\teamtalk\debug\httpclient.ilk
c:\users\sfengchao\source\repos\vip\win-client\bin\teamtalk\debug\httpclient.dll
c:\users\sfengchao\source\repos\vip\win-client\bin\teamtalk\debug\httpclient.pdb
c:\users\sfengchao\source\repos\vip\win-client\solution\\..\bin\teamtalk\debug\httpclient.pdb
c:\users\sfengchao\source\repos\vip\win-client\solution\\..\bin\teamtalk\debug\httpclient.dll
c:\users\sfengchao\source\repos\vip\win-client\solution\\..\bin\teamtalk\debug\httpclient.ilk
c:\users\sfengchao\source\repos\vip\win-client\obj\debug\httpclient_debug\httpclient.tlog\cl.command.1.tlog
c:\users\sfengchao\source\repos\vip\win-client\obj\debug\httpclient_debug\httpclient.tlog\cl.read.1.tlog
c:\users\sfengchao\source\repos\vip\win-client\obj\debug\httpclient_debug\httpclient.tlog\cl.write.1.tlog
c:\users\sfengchao\source\repos\vip\win-client\obj\debug\httpclient_debug\httpclient.tlog\httpclient.write.1u.tlog
c:\users\sfengchao\source\repos\vip\win-client\obj\debug\httpclient_debug\httpclient.tlog\link.command.1.tlog
c:\users\sfengchao\source\repos\vip\win-client\obj\debug\httpclient_debug\httpclient.tlog\link.read.1.tlog
c:\users\sfengchao\source\repos\vip\win-client\obj\debug\httpclient_debug\httpclient.tlog\link.write.1.tlog
