2018-03-21 21:20:30.901 basesocket.cpp(CBaseSocket::Send,147) [socket] -> Send(68 bytes)
00 00 00 44 00 01 00 00 00 01 01 03 00 01 00 00  .. .. .. D  .. .. .. .. .. .. .. .. .. .. .. ..
0A 01 31 12 20 63 34 63 61 34 32 33 38 61 30 62  .. .. 1  ..    c  4  c  a  4  2  3  8  a  0  b 
39 32 33 38 32 30 64 63 63 35 30 39 61 36 66 37  9  2  3  8  2  0  d  c  c  5  0  9  a  6  f  7 
35 38 34 39 62 18 01 20 01 2A 09 77 69 6E 5F 31  5  8  4  9  b  .. ..    .. *  .. w  i  n  _  1 
30 30 38 36                                      0  0  8  6  

2018-03-21 21:20:30.916 imconn.cpp(CImConn::OnRead,165) [socket] -> OnRead(48 bytes)
00 00 00 30 00 01 00 00 00 01 01 04 00 01 00 00  .. .. .. 0  .. .. .. .. .. .. .. .. .. .. .. ..
08 CA 84 C7 D5 05 10 06 1A 16 E7 94 A8 E6 88 B7  .. .. .. .. .. .. .. .. .. .. .. .. .. .. .. ..
E5 90 8D 2F E5 AF 86 E7 A0 81 E9 94 99 E8 AF AF  .. .. .. /  .. .. .. .. .. .. .. .. .. .. .. ..


2018-03-21 21:20:36.748 basesocket.cpp(CBaseSocket::Send,147) [socket] -> Send(68 bytes)
00 00 00 44 00 01 00 00 00 01 01 03 00 02 00 00  .. .. .. D  .. .. .. .. .. .. .. .. .. .. .. ..
0A 01 31 12 20 63 34 63 61 34 32 33 38 61 30 62  .. .. 1  ..    c  4  c  a  4  2  3  8  a  0  b 
39 32 33 38 32 30 64 63 63 35 30 39 61 36 66 37  9  2  3  8  2  0  d  c  c  5  0  9  a  6  f  7 
35 38 34 39 62 18 01 20 01 2A 09 77 69 6E 5F 31  5  8  4  9  b  .. ..    .. *  .. w  i  n  _  1 
30 30 38 36                                      0  0  8  6  

2018-03-21 21:20:36.761 imconn.cpp(CImConn::OnRead,165) [socket] -> OnRead(48 bytes)
00 00 00 30 00 01 00 00 00 01 01 04 00 02 00 00  .. .. .. 0  .. .. .. .. .. .. .. .. .. .. .. ..
08 D0 84 C7 D5 05 10 06 1A 16 E7 94 A8 E6 88 B7  .. .. .. .. .. .. .. .. .. .. .. .. .. .. .. ..
E5 90 8D 2F E5 AF 86 E7 A0 81 E9 94 99 E8 AF AF  .. .. .. /  .. .. .. .. .. .. .. .. .. .. .. ..


2018-03-21 21:20:45.616 basesocket.cpp(CBaseSocket::Send,147) [socket] -> Send(68 bytes)
00 00 00 44 00 01 00 00 00 01 01 03 00 03 00 00  .. .. .. D  .. .. .. .. .. .. .. .. .. .. .. ..
0A 01 32 12 20 63 38 31 65 37 32 38 64 39 64 34  .. .. 2  ..    c  8  1  e  7  2  8  d  9  d  4 
63 32 66 36 33 36 66 30 36 37 66 38 39 63 63 31  c  2  f  6  3  6  f  0  6  7  f  8  9  c  c  1 
34 38 36 32 63 18 01 20 01 2A 09 77 69 6E 5F 31  4  8  6  2  c  .. ..    .. *  .. w  i  n  _  1 
30 30 38 36                                      0  0  8  6  

2018-03-21 21:20:45.631 imconn.cpp(CImConn::OnRead,165) [socket] -> OnRead(87 bytes)
00 00 00 57 00 01 00 00 00 01 01 04 00 03 00 00  .. .. .. W  .. .. .. .. .. .. .. .. .. .. .. ..
08 DA 84 C7 D5 05 10 00 1A 06 E6 88 90 E5 8A 9F  .. .. .. .. .. .. .. .. .. .. .. .. .. .. .. ..
20 01 2A 33 08 02 10 01 1A 01 32 22 1A 68 74 74     .. *  3  .. .. .. .. .. .. 2  "  .. h  t  t 
70 3A 2F 2F 31 39 32 2E 31 36 38 2E 33 2E 31 37  p  :  /  /  1  9  2  .  1  6  8  .  3  .  1  7 
37 3A 38 37 30 30 2F 28 01 32 00 3A 01 32 42 00  7  :  8  7  0  0  /  (  .. 2  .. :  .. 2  B  ..
4A 01 30 50 00 5A 00                             J  .. 0  P  .. Z  .. 

2018-03-21 21:20:45.632 imconn.cpp(CImConn::OnRead,165) [socket] -> OnRead(22 bytes)
00 00 00 16 00 01 00 00 00 02 02 03 00 00 00 00  .. .. .. .. .. .. .. .. .. .. .. .. .. .. .. ..
0A 04 08 02 10 01                                .. .. .. .. .. .. 

2018-03-21 21:20:45.889 basesocket.cpp(CBaseSocket::Send,147) [socket] -> Send(20 bytes)
00 00 00 14 00 01 00 00 00 02 02 10 00 00 00 00  .. .. .. .. .. .. .. .. .. .. .. .. .. .. .. ..
08 02 10 00                                      .. .. .. .. 

2018-03-21 21:20:45.890 basesocket.cpp(CBaseSocket::Send,147) [socket] -> Send(20 bytes)
00 00 00 14 00 01 00 00 00 02 02 08 00 00 00 00  .. .. .. .. .. .. .. .. .. .. .. .. .. .. .. ..
08 02 10 00                                      .. .. .. .. 

2018-03-21 21:20:45.894 imconn.cpp(CImConn::OnRead,165) [socket] -> OnRead(37 bytes)
00 00 00 25 00 01 00 00 00 02 02 11 00 00 00 00  .. .. .. %  .. .. .. .. .. .. .. .. .. .. .. ..
08 02 10 84 F7 C6 D5 05 1A 0B 08 01 10 01 1A 01  .. .. .. .. .. .. .. .. .. .. .. .. .. .. .. ..
31 20 00 28 00                                   1     .. (  .. 

2018-03-21 21:20:45.894 basesocket.cpp(CBaseSocket::Send,147) [socket] -> Send(18 bytes)
00 00 00 12 00 01 00 00 00 04 04 01 00 00 00 00  .. .. .. .. .. .. .. .. .. .. .. .. .. .. .. ..
08 02                                            .. .. 

2018-03-21 21:20:45.908 imconn.cpp(CImConn::OnRead,165) [socket] -> OnRead(18 bytes)
00 00 00 12 00 01 00 00 00 04 04 02 00 00 00 00  .. .. .. .. .. .. .. .. .. .. .. .. .. .. .. ..
08 02                                            .. .. 

2018-03-21 21:20:45.910 imconn.cpp(CImConn::OnRead,165) [socket] -> OnRead(77 bytes)
00 00 00 4D 00 01 00 00 00 02 02 09 00 00 00 00  .. .. .. M  .. .. .. .. .. .. .. .. .. .. .. ..
08 02 10 96 FC C6 D5 05 1A 33 08 02 10 01 1A 01  .. .. .. .. .. .. .. .. .. 3  .. .. .. .. .. ..
32 22 1A 68 74 74 70 3A 2F 2F 31 39 32 2E 31 36  2  "  .. h  t  t  p  :  /  /  1  9  2  .  1  6 
38 2E 33 2E 31 37 37 3A 38 37 30 30 2F 28 01 32  8  .  3  .  1  7  7  :  8  7  0  0  /  (  .. 2 
00 3A 01 32 42 00 4A 01 30 50 00 5A 00           .. :  .. 2  B  .. J  .. 0  P  .. Z  .. 

2018-03-21 21:20:45.980 basesocket.cpp(CBaseSocket::Send,147) [socket] -> Send(20 bytes)
00 00 00 14 00 01 00 00 00 02 02 01 00 00 00 00  .. .. .. .. .. .. .. .. .. .. .. .. .. .. .. ..
08 02 10 00                                      .. .. .. .. 

2018-03-21 21:20:45.982 basesocket.cpp(CBaseSocket::Send,147) [socket] -> Send(20 bytes)
00 00 00 14 00 01 00 00 00 02 02 0A 00 00 00 00  .. .. .. .. .. .. .. .. .. .. .. .. .. .. .. ..
08 02 10 02                                      .. .. .. .. 

2018-03-21 21:20:45.982 basesocket.cpp(CBaseSocket::Send,147) [socket] -> Send(20 bytes)
00 00 00 14 00 01 00 00 00 02 02 0A 00 00 00 00  .. .. .. .. .. .. .. .. .. .. .. .. .. .. .. ..
08 02 10 02                                      .. .. .. .. 

2018-03-21 21:20:45.987 imconn.cpp(CImConn::OnRead,165) [socket] -> OnRead(24 bytes)
00 00 00 18 00 01 00 00 00 02 02 0B 00 00 00 00  .. .. .. .. .. .. .. .. .. .. .. .. .. .. .. ..
08 02 12 04 08 02 10 01                          .. .. .. .. .. .. .. .. 

2018-03-21 21:20:45.988 imconn.cpp(CImConn::OnRead,165) [socket] -> OnRead(24 bytes)
00 00 00 18 00 01 00 00 00 02 02 0B 00 00 00 00  .. .. .. .. .. .. .. .. .. .. .. .. .. .. .. ..
08 02 12 04 08 02 10 01                          .. .. .. .. .. .. .. .. 

2018-03-21 21:20:45.997 imconn.cpp(CImConn::OnRead,165) [socket] -> OnRead(64 bytes)
00 00 00 40 00 01 00 00 00 02 02 02 00 00 00 00  .. .. .. @  .. .. .. .. .. .. .. .. .. .. .. ..
08 02 12 2C 08 01 10 01 18 00 20 A7 FA C6 D5 05  .. .. .. ,  .. .. .. .. .. ..    .. .. .. .. ..
28 01 32 18 64 73 63 6E 6E 69 62 59 41 48 43 6B  (  .. 2  .. d  s  c  n  n  i  b  Y  A  H  C  k 
70 51 65 6E 4D 64 38 37 47 51 3D 3D 38 01 40 01  p  Q  e  n  M  d  8  7  G  Q  =  =  8  .. @  ..


2018-03-21 21:20:46.237 basesocket.cpp(CBaseSocket::Send,147) [socket] -> Send(18 bytes)
00 00 00 12 00 01 00 00 00 03 03 07 00 00 00 00  .. .. .. .. .. .. .. .. .. .. .. .. .. .. .. ..
08 02                                            .. .. 

2018-03-21 21:20:46.239 basesocket.cpp(CBaseSocket::Send,147) [socket] -> Send(18 bytes)
00 00 00 12 00 01 00 00 00 05 05 09 00 00 00 00  .. .. .. .. .. .. .. .. .. .. .. .. .. .. .. ..
08 02                                            .. .. 

2018-03-21 21:20:46.251 imconn.cpp(CImConn::OnRead,165) [socket] -> OnRead(20 bytes)
00 00 00 14 00 01 00 00 00 03 03 08 00 00 00 00  .. .. .. .. .. .. .. .. .. .. .. .. .. .. .. ..
08 02 10 00                                      .. .. .. .. 

2018-03-21 21:20:46.254 imconn.cpp(CImConn::OnRead,165) [socket] -> OnRead(33 bytes)
00 00 00 21 00 01 00 00 00 05 05 0A 00 00 00 00  .. .. .. !  .. .. .. .. .. .. .. .. .. .. .. ..
08 02 A2 01 0C 00 00 00 01 00 00 00 0E 00 00 00  .. .. .. .. .. .. .. .. .. .. .. .. .. .. .. ..
00                                               .. 

2018-03-21 21:20:50.023 basesocket.cpp(CBaseSocket::Send,147) [socket] -> Send(16 bytes)
00 00 00 10 00 01 00 00 00 07 07 01 00 00 00 00  .. .. .. .. .. .. .. .. .. .. .. .. .. .. .. ..


2018-03-21 21:20:50.024 imconn.cpp(CImConn::OnRead,165) [socket] -> OnRead(16 bytes)
00 00 00 10 00 01 00 00 00 07 07 01 00 00 00 00  .. .. .. .. .. .. .. .. .. .. .. .. .. .. .. ..


2018-03-21 21:20:55.016 basesocket.cpp(CBaseSocket::Send,147) [socket] -> Send(16 bytes)
00 00 00 10 00 01 00 00 00 07 07 01 00 00 00 00  .. .. .. .. .. .. .. .. .. .. .. .. .. .. .. ..


2018-03-21 21:20:55.017 imconn.cpp(CImConn::OnRead,165) [socket] -> OnRead(16 bytes)
00 00 00 10 00 01 00 00 00 07 07 01 00 00 00 00  .. .. .. .. .. .. .. .. .. .. .. .. .. .. .. ..


2018-03-21 21:21:00.017 basesocket.cpp(CBaseSocket::Send,147) [socket] -> Send(16 bytes)
00 00 00 10 00 01 00 00 00 07 07 01 00 00 00 00  .. .. .. .. .. .. .. .. .. .. .. .. .. .. .. ..


2018-03-21 21:21:00.018 imconn.cpp(CImConn::OnRead,165) [socket] -> OnRead(16 bytes)
00 00 00 10 00 01 00 00 00 07 07 01 00 00 00 00  .. .. .. .. .. .. .. .. .. .. .. .. .. .. .. ..


2018-03-21 21:21:05.018 basesocket.cpp(CBaseSocket::Send,147) [socket] -> Send(16 bytes)
00 00 00 10 00 01 00 00 00 07 07 01 00 00 00 00  .. .. .. .. .. .. .. .. .. .. .. .. .. .. .. ..


2018-03-21 21:21:05.019 imconn.cpp(CImConn::OnRead,165) [socket] -> OnRead(16 bytes)
00 00 00 10 00 01 00 00 00 07 07 01 00 00 00 00  .. .. .. .. .. .. .. .. .. .. .. .. .. .. .. ..


2018-03-21 21:21:10.017 basesocket.cpp(CBaseSocket::Send,147) [socket] -> Send(16 bytes)
00 00 00 10 00 01 00 00 00 07 07 01 00 00 00 00  .. .. .. .. .. .. .. .. .. .. .. .. .. .. .. ..


2018-03-21 21:21:10.018 imconn.cpp(CImConn::OnRead,165) [socket] -> OnRead(16 bytes)
00 00 00 10 00 01 00 00 00 07 07 01 00 00 00 00  .. .. .. .. .. .. .. .. .. .. .. .. .. .. .. ..


2018-03-21 21:21:15.017 basesocket.cpp(CBaseSocket::Send,147) [socket] -> Send(16 bytes)
00 00 00 10 00 01 00 00 00 07 07 01 00 00 00 00  .. .. .. .. .. .. .. .. .. .. .. .. .. .. .. ..


2018-03-21 21:21:15.018 imconn.cpp(CImConn::OnRead,165) [socket] -> OnRead(16 bytes)
00 00 00 10 00 01 00 00 00 07 07 01 00 00 00 00  .. .. .. .. .. .. .. .. .. .. .. .. .. .. .. ..


2018-03-21 21:21:20.022 basesocket.cpp(CBaseSocket::Send,147) [socket] -> Send(16 bytes)
00 00 00 10 00 01 00 00 00 07 07 01 00 00 00 00  .. .. .. .. .. .. .. .. .. .. .. .. .. .. .. ..


2018-03-21 21:21:20.022 imconn.cpp(CImConn::OnRead,165) [socket] -> OnRead(16 bytes)
00 00 00 10 00 01 00 00 00 07 07 01 00 00 00 00  .. .. .. .. .. .. .. .. .. .. .. .. .. .. .. ..


2018-03-21 21:21:25.020 basesocket.cpp(CBaseSocket::Send,147) [socket] -> Send(16 bytes)
00 00 00 10 00 01 00 00 00 07 07 01 00 00 00 00  .. .. .. .. .. .. .. .. .. .. .. .. .. .. .. ..


2018-03-21 21:21:25.021 imconn.cpp(CImConn::OnRead,165) [socket] -> OnRead(16 bytes)
00 00 00 10 00 01 00 00 00 07 07 01 00 00 00 00  .. .. .. .. .. .. .. .. .. .. .. .. .. .. .. ..


