c:\users\sfengchao\source\repos\vip\win-client\obj\debug\utility_debug\utility.pch
c:\users\sfengchao\source\repos\vip\win-client\obj\debug\utility_debug\vc141.pdb
c:\users\sfengchao\source\repos\vip\win-client\obj\debug\utility_debug\vc141.idb
c:\users\sfengchao\source\repos\vip\win-client\obj\debug\utility_debug\stdafx.obj
c:\users\sfengchao\source\repos\vip\win-client\obj\debug\utility_debug\json_writer.obj
c:\users\sfengchao\source\repos\vip\win-client\obj\debug\utility_debug\json_value.obj
c:\users\sfengchao\source\repos\vip\win-client\obj\debug\utility_debug\json_reader.obj
c:\users\sfengchao\source\repos\vip\win-client\obj\debug\utility_debug\utilstrcodingapi.obj
c:\users\sfengchao\source\repos\vip\win-client\obj\debug\utility_debug\utility.obj
c:\users\sfengchao\source\repos\vip\win-client\obj\debug\utility_debug\utilcommonapi.obj
c:\users\sfengchao\source\repos\vip\win-client\obj\debug\utility_debug\ttthread.obj
c:\users\sfengchao\source\repos\vip\win-client\obj\debug\utility_debug\multilingual.obj
c:\users\sfengchao\source\repos\vip\win-client\obj\debug\utility_debug\md5.obj
c:\users\sfengchao\source\repos\vip\win-client\obj\debug\utility_debug\inioperation.obj
c:\users\sfengchao\source\repos\vip\win-client\obj\debug\utility_debug\cppsqlite3.obj
c:\users\sfengchao\source\repos\vip\win-client\bin\teamtalk\debug\utility.ilk
c:\users\sfengchao\source\repos\vip\win-client\bin\teamtalk\debug\utility.dll
c:\users\sfengchao\source\repos\vip\win-client\bin\teamtalk\debug\utility.pdb
c:\users\sfengchao\source\repos\vip\win-client\obj\debug\utility_debug\utility.res
c:\users\sfengchao\source\repos\vip\win-client\lib\debug\utility.lib
c:\users\sfengchao\source\repos\vip\win-client\lib\debug\utility.exp
c:\users\sfengchao\source\repos\vip\win-client\solution\\..\bin\teamtalk\debug\utility.pdb
c:\users\sfengchao\source\repos\vip\win-client\solution\\..\bin\teamtalk\debug\utility.dll
c:\users\sfengchao\source\repos\vip\win-client\solution\\..\bin\teamtalk\debug\utility.ilk
c:\users\sfengchao\source\repos\vip\win-client\obj\debug\utility_debug\utility.tlog\cl.command.1.tlog
c:\users\sfengchao\source\repos\vip\win-client\obj\debug\utility_debug\utility.tlog\cl.read.1.tlog
c:\users\sfengchao\source\repos\vip\win-client\obj\debug\utility_debug\utility.tlog\cl.write.1.tlog
c:\users\sfengchao\source\repos\vip\win-client\obj\debug\utility_debug\utility.tlog\link.command.1.tlog
c:\users\sfengchao\source\repos\vip\win-client\obj\debug\utility_debug\utility.tlog\link.read.1.tlog
c:\users\sfengchao\source\repos\vip\win-client\obj\debug\utility_debug\utility.tlog\link.write.1.tlog
c:\users\sfengchao\source\repos\vip\win-client\obj\debug\utility_debug\utility.tlog\rc.command.1.tlog
c:\users\sfengchao\source\repos\vip\win-client\obj\debug\utility_debug\utility.tlog\rc.read.1.tlog
c:\users\sfengchao\source\repos\vip\win-client\obj\debug\utility_debug\utility.tlog\rc.write.1.tlog
c:\users\sfengchao\source\repos\vip\win-client\obj\debug\utility_debug\utility.tlog\utility.write.1u.tlog
