c:\users\sfengchao\source\repos\vip\win-client\obj\debug\modules_debug\modules.pch
c:\users\sfengchao\source\repos\vip\win-client\obj\debug\modules_debug\vc141.pdb
c:\users\sfengchao\source\repos\vip\win-client\obj\debug\modules_debug\vc141.idb
c:\users\sfengchao\source\repos\vip\win-client\obj\debug\modules_debug\stdafx.obj
c:\users\sfengchao\source\repos\vip\win-client\obj\debug\modules_debug\im.login.pb.obj
c:\users\sfengchao\source\repos\vip\win-client\obj\debug\modules_debug\im.group.pb.obj
c:\users\sfengchao\source\repos\vip\win-client\obj\debug\modules_debug\im.file.pb.obj
c:\users\sfengchao\source\repos\vip\win-client\obj\debug\modules_debug\im.buddy.pb.obj
c:\users\sfengchao\source\repos\vip\win-client\obj\debug\modules_debug\im.basedefine.pb.obj
c:\users\sfengchao\source\repos\vip\win-client\obj\debug\modules_debug\xmemfile.obj
c:\users\sfengchao\source\repos\vip\win-client\obj\debug\modules_debug\ximawnd.obj
c:\users\sfengchao\source\repos\vip\win-client\obj\debug\modules_debug\ximawbmp.obj
c:\users\sfengchao\source\repos\vip\win-client\obj\debug\modules_debug\ximatran.obj
c:\users\sfengchao\source\repos\vip\win-client\obj\debug\modules_debug\ximapng.obj
c:\users\sfengchao\source\repos\vip\win-client\obj\debug\modules_debug\ximapal.obj
c:\users\sfengchao\source\repos\vip\win-client\obj\debug\modules_debug\ximalyr.obj
c:\users\sfengchao\source\repos\vip\win-client\obj\debug\modules_debug\ximalpha.obj
c:\users\sfengchao\source\repos\vip\win-client\obj\debug\modules_debug\ximajpg.obj
c:\users\sfengchao\source\repos\vip\win-client\obj\debug\modules_debug\ximainfo.obj
c:\users\sfengchao\source\repos\vip\win-client\obj\debug\modules_debug\ximagif.obj
c:\users\sfengchao\source\repos\vip\win-client\obj\debug\modules_debug\ximage.obj
c:\users\sfengchao\source\repos\vip\win-client\obj\debug\modules_debug\ximaexif.obj
c:\users\sfengchao\source\repos\vip\win-client\obj\debug\modules_debug\ximaenc.obj
c:\users\sfengchao\source\repos\vip\win-client\obj\debug\modules_debug\ximabmp.obj
c:\users\sfengchao\source\repos\vip\win-client\obj\debug\modules_debug\im.switchservice.pb.obj
c:\users\sfengchao\source\repos\vip\win-client\obj\debug\modules_debug\im.other.pb.obj
c:\users\sfengchao\source\repos\vip\win-client\obj\debug\modules_debug\im.message.pb.obj
c:\users\sfengchao\source\repos\vip\win-client\obj\debug\modules_debug\jdatasrc.obj
c:\users\sfengchao\source\repos\vip\win-client\obj\debug\modules_debug\jdatadst.obj
c:\users\sfengchao\source\repos\vip\win-client\obj\debug\modules_debug\jdapistd.obj
c:\users\sfengchao\source\repos\vip\win-client\obj\debug\modules_debug\jdapimin.obj
c:\users\sfengchao\source\repos\vip\win-client\obj\debug\modules_debug\jctrans.obj
c:\users\sfengchao\source\repos\vip\win-client\obj\debug\modules_debug\jcsample.obj
c:\users\sfengchao\source\repos\vip\win-client\obj\debug\modules_debug\jcprepct.obj
c:\users\sfengchao\source\repos\vip\win-client\obj\debug\modules_debug\jcphuff.obj
c:\users\sfengchao\source\repos\vip\win-client\obj\debug\modules_debug\jcparam.obj
c:\users\sfengchao\source\repos\vip\win-client\obj\debug\modules_debug\jcomapi.obj
c:\users\sfengchao\source\repos\vip\win-client\obj\debug\modules_debug\jcmaster.obj
c:\users\sfengchao\source\repos\vip\win-client\obj\debug\modules_debug\jcmarker.obj
c:\users\sfengchao\source\repos\vip\win-client\obj\debug\modules_debug\jcmainct.obj
c:\users\sfengchao\source\repos\vip\win-client\obj\debug\modules_debug\jcinit.obj
c:\users\sfengchao\source\repos\vip\win-client\obj\debug\modules_debug\jchuff.obj
c:\users\sfengchao\source\repos\vip\win-client\obj\debug\modules_debug\jcdctmgr.obj
c:\users\sfengchao\source\repos\vip\win-client\obj\debug\modules_debug\jccolor.obj
c:\users\sfengchao\source\repos\vip\win-client\obj\debug\modules_debug\jccoefct.obj
c:\users\sfengchao\source\repos\vip\win-client\obj\debug\modules_debug\jcapistd.obj
c:\users\sfengchao\source\repos\vip\win-client\obj\debug\modules_debug\jcapimin.obj
c:\users\sfengchao\source\repos\vip\win-client\obj\debug\modules_debug\jidctint.obj
c:\users\sfengchao\source\repos\vip\win-client\obj\debug\modules_debug\jidctfst.obj
c:\users\sfengchao\source\repos\vip\win-client\obj\debug\modules_debug\jidctflt.obj
c:\users\sfengchao\source\repos\vip\win-client\obj\debug\modules_debug\jfdctint.obj
c:\users\sfengchao\source\repos\vip\win-client\obj\debug\modules_debug\jfdctfst.obj
c:\users\sfengchao\source\repos\vip\win-client\obj\debug\modules_debug\jfdctflt.obj
c:\users\sfengchao\source\repos\vip\win-client\obj\debug\modules_debug\jerror.obj
c:\users\sfengchao\source\repos\vip\win-client\obj\debug\modules_debug\jdtrans.obj
c:\users\sfengchao\source\repos\vip\win-client\obj\debug\modules_debug\jdsample.obj
c:\users\sfengchao\source\repos\vip\win-client\obj\debug\modules_debug\jdpostct.obj
c:\users\sfengchao\source\repos\vip\win-client\obj\debug\modules_debug\jdphuff.obj
c:\users\sfengchao\source\repos\vip\win-client\obj\debug\modules_debug\jdmerge.obj
c:\users\sfengchao\source\repos\vip\win-client\obj\debug\modules_debug\jdmaster.obj
c:\users\sfengchao\source\repos\vip\win-client\obj\debug\modules_debug\jdmarker.obj
c:\users\sfengchao\source\repos\vip\win-client\obj\debug\modules_debug\jdmainct.obj
c:\users\sfengchao\source\repos\vip\win-client\obj\debug\modules_debug\jdinput.obj
c:\users\sfengchao\source\repos\vip\win-client\obj\debug\modules_debug\jdhuff.obj
c:\users\sfengchao\source\repos\vip\win-client\obj\debug\modules_debug\jddctmgr.obj
c:\users\sfengchao\source\repos\vip\win-client\obj\debug\modules_debug\jdcolor.obj
c:\users\sfengchao\source\repos\vip\win-client\obj\debug\modules_debug\jdcoefct.obj
c:\users\sfengchao\source\repos\vip\win-client\obj\debug\modules_debug\pngwio.obj
c:\users\sfengchao\source\repos\vip\win-client\obj\debug\modules_debug\pngvcrd.obj
c:\users\sfengchao\source\repos\vip\win-client\obj\debug\modules_debug\pngtrans.obj
c:\users\sfengchao\source\repos\vip\win-client\obj\debug\modules_debug\pngset.obj
c:\users\sfengchao\source\repos\vip\win-client\obj\debug\modules_debug\pngrutil.obj
c:\users\sfengchao\source\repos\vip\win-client\obj\debug\modules_debug\pngrtran.obj
c:\users\sfengchao\source\repos\vip\win-client\obj\debug\modules_debug\pngrio.obj
c:\users\sfengchao\source\repos\vip\win-client\obj\debug\modules_debug\pngread.obj
c:\users\sfengchao\source\repos\vip\win-client\obj\debug\modules_debug\pngpread.obj
c:\users\sfengchao\source\repos\vip\win-client\obj\debug\modules_debug\pngmem.obj
c:\users\sfengchao\source\repos\vip\win-client\obj\debug\modules_debug\pngget.obj
c:\users\sfengchao\source\repos\vip\win-client\obj\debug\modules_debug\pnggccrd.obj
c:\users\sfengchao\source\repos\vip\win-client\obj\debug\modules_debug\pngerror.obj
c:\users\sfengchao\source\repos\vip\win-client\obj\debug\modules_debug\png.obj
c:\users\sfengchao\source\repos\vip\win-client\obj\debug\modules_debug\jutils.obj
c:\users\sfengchao\source\repos\vip\win-client\obj\debug\modules_debug\jquant2.obj
c:\users\sfengchao\source\repos\vip\win-client\obj\debug\modules_debug\jquant1.obj
c:\users\sfengchao\source\repos\vip\win-client\obj\debug\modules_debug\jmemnobs.obj
c:\users\sfengchao\source\repos\vip\win-client\obj\debug\modules_debug\jmemmgr.obj
c:\users\sfengchao\source\repos\vip\win-client\obj\debug\modules_debug\jidctred.obj
c:\users\sfengchao\source\repos\vip\win-client\obj\debug\modules_debug\zutil.obj
c:\users\sfengchao\source\repos\vip\win-client\obj\debug\modules_debug\uncompr.obj
c:\users\sfengchao\source\repos\vip\win-client\obj\debug\modules_debug\trees.obj
c:\users\sfengchao\source\repos\vip\win-client\obj\debug\modules_debug\inftrees.obj
c:\users\sfengchao\source\repos\vip\win-client\obj\debug\modules_debug\inflate.obj
c:\users\sfengchao\source\repos\vip\win-client\obj\debug\modules_debug\inffast.obj
c:\users\sfengchao\source\repos\vip\win-client\obj\debug\modules_debug\infback.obj
c:\users\sfengchao\source\repos\vip\win-client\obj\debug\modules_debug\gzio.obj
c:\users\sfengchao\source\repos\vip\win-client\obj\debug\modules_debug\deflate.obj
c:\users\sfengchao\source\repos\vip\win-client\obj\debug\modules_debug\crc32.obj
c:\users\sfengchao\source\repos\vip\win-client\obj\debug\modules_debug\compress.obj
c:\users\sfengchao\source\repos\vip\win-client\obj\debug\modules_debug\adler32.obj
c:\users\sfengchao\source\repos\vip\win-client\obj\debug\modules_debug\pngwutil.obj
c:\users\sfengchao\source\repos\vip\win-client\obj\debug\modules_debug\pngwtran.obj
c:\users\sfengchao\source\repos\vip\win-client\obj\debug\modules_debug\pngwrite.obj
c:\users\sfengchao\source\repos\vip\win-client\obj\debug\modules_debug\filetransferuithread.obj
c:\users\sfengchao\source\repos\vip\win-client\obj\debug\modules_debug\filetransfersocket.obj
c:\users\sfengchao\source\repos\vip\win-client\obj\debug\modules_debug\filetransfermodule_impl.obj
c:\users\sfengchao\source\repos\vip\win-client\obj\debug\modules_debug\filetransferdialog.obj
c:\users\sfengchao\source\repos\vip\win-client\obj\debug\modules_debug\emocfgparsetool.obj
c:\users\sfengchao\source\repos\vip\win-client\obj\debug\modules_debug\emotionmodule_impl.obj
c:\users\sfengchao\source\repos\vip\win-client\obj\debug\modules_debug\emotiondialog.obj
c:\users\sfengchao\source\repos\vip\win-client\obj\debug\modules_debug\emotionbutton.obj
c:\users\sfengchao\source\repos\vip\win-client\obj\debug\modules_debug\databasemodule_userinfodb_impl.obj
c:\users\sfengchao\source\repos\vip\win-client\obj\debug\modules_debug\databasemodule_recentsessiondb_impl.obj
c:\users\sfengchao\source\repos\vip\win-client\obj\debug\modules_debug\databasemodule_messagedb_impl.obj
c:\users\sfengchao\source\repos\vip\win-client\obj\debug\modules_debug\databasemodule_impl.obj
c:\users\sfengchao\source\repos\vip\win-client\obj\debug\modules_debug\databasemodule_imagedb_impl.obj
c:\users\sfengchao\source\repos\vip\win-client\obj\debug\modules_debug\databasemodule_groupinfodb_impl.obj
c:\users\sfengchao\source\repos\vip\win-client\obj\debug\modules_debug\databasemodule_filetransferhistory_impl.obj
c:\users\sfengchao\source\repos\vip\win-client\obj\debug\modules_debug\databasemodule_departmentinfodb_impl.obj
c:\users\sfengchao\source\repos\vip\win-client\obj\debug\modules_debug\modulesubject.obj
c:\users\sfengchao\source\repos\vip\win-client\obj\debug\modules_debug\moduleobserver.obj
c:\users\sfengchao\source\repos\vip\win-client\obj\debug\modules_debug\modulebase.obj
c:\users\sfengchao\source\repos\vip\win-client\obj\debug\modules_debug\uieventmanager.obj
c:\users\sfengchao\source\repos\vip\win-client\obj\debug\modules_debug\autoselectmode.obj
c:\users\sfengchao\source\repos\vip\win-client\obj\debug\modules_debug\screencapturemodule_impl.obj
c:\users\sfengchao\source\repos\vip\win-client\obj\debug\modules_debug\p2pcmdmodule_impl.obj
c:\users\sfengchao\source\repos\vip\win-client\obj\debug\modules_debug\modules.obj
c:\users\sfengchao\source\repos\vip\win-client\obj\debug\modules_debug\miscmodule_impl.obj
c:\users\sfengchao\source\repos\vip\win-client\obj\debug\modules_debug\sendmsgmanage.obj
c:\users\sfengchao\source\repos\vip\win-client\obj\debug\modules_debug\receivemsgmanage.obj
c:\users\sfengchao\source\repos\vip\win-client\obj\debug\modules_debug\messagemodule_impl.obj
c:\users\sfengchao\source\repos\vip\win-client\obj\debug\modules_debug\messageentity.obj
c:\users\sfengchao\source\repos\vip\win-client\obj\debug\modules_debug\reloginmanager.obj
c:\users\sfengchao\source\repos\vip\win-client\obj\debug\modules_debug\loginoperation.obj
c:\users\sfengchao\source\repos\vip\win-client\obj\debug\modules_debug\loginmodule_impl.obj
c:\users\sfengchao\source\repos\vip\win-client\obj\debug\modules_debug\logindialog.obj
c:\users\sfengchao\source\repos\vip\win-client\obj\debug\modules_debug\dologinserverhttpoperation.obj
c:\users\sfengchao\source\repos\vip\win-client\obj\debug\modules_debug\httppoolmodule_impl.obj
c:\users\sfengchao\source\repos\vip\win-client\obj\debug\modules_debug\creatediscussiongrpdialog.obj
c:\users\sfengchao\source\repos\vip\win-client\obj\debug\modules_debug\changediscussiongrpmemberdialog.obj
c:\users\sfengchao\source\repos\vip\win-client\obj\debug\modules_debug\grouplistmodule_impl.obj
c:\users\sfengchao\source\repos\vip\win-client\obj\debug\modules_debug\transfermanager.obj
c:\users\sfengchao\source\repos\vip\win-client\obj\debug\modules_debug\transferfile.obj
c:\users\sfengchao\source\repos\vip\win-client\obj\debug\modules_debug\sessionlayout.obj
c:\users\sfengchao\source\repos\vip\win-client\obj\debug\modules_debug\sessiondialog.obj
c:\users\sfengchao\source\repos\vip\win-client\obj\debug\modules_debug\searchlayout.obj
c:\users\sfengchao\source\repos\vip\win-client\obj\debug\modules_debug\mainlistlayout_event.obj
c:\users\sfengchao\source\repos\vip\win-client\obj\debug\modules_debug\mainlistlayout.obj
c:\users\sfengchao\source\repos\vip\win-client\obj\debug\modules_debug\sessionmodule_impl.obj
c:\users\sfengchao\source\repos\vip\win-client\obj\debug\modules_debug\sessionmanager.obj
c:\users\sfengchao\source\repos\vip\win-client\obj\debug\modules_debug\synctimertimer.obj
c:\users\sfengchao\source\repos\vip\win-client\obj\debug\modules_debug\sendimghttpoperation.obj
c:\users\sfengchao\source\repos\vip\win-client\obj\debug\modules_debug\downloadavatarhttpoperation.obj
c:\users\sfengchao\source\repos\vip\win-client\obj\debug\modules_debug\isessionmodule.obj
c:\users\sfengchao\source\repos\vip\win-client\obj\debug\modules_debug\uimgr.obj
c:\users\sfengchao\source\repos\vip\win-client\obj\debug\modules_debug\edittoolbar.obj
c:\users\sfengchao\source\repos\vip\win-client\obj\debug\modules_debug\dlgbase.obj
c:\users\sfengchao\source\repos\vip\win-client\obj\debug\modules_debug\bkgroundui.obj
c:\users\sfengchao\source\repos\vip\win-client\obj\debug\modules_debug\screensnapshot.obj
c:\users\sfengchao\source\repos\vip\win-client\obj\debug\modules_debug\screencapture.obj
c:\users\sfengchao\source\repos\vip\win-client\obj\debug\modules_debug\manalselectmode.obj
c:\users\sfengchao\source\repos\vip\win-client\obj\debug\modules_debug\manaleditmode.obj
c:\users\sfengchao\source\repos\vip\win-client\obj\debug\modules_debug\capturemode.obj
c:\users\sfengchao\source\repos\vip\win-client\obj\debug\modules_debug\userlistmodule_impl.obj
c:\users\sfengchao\source\repos\vip\win-client\obj\debug\modules_debug\iuserlistmodule.obj
c:\users\sfengchao\source\repos\vip\win-client\obj\debug\modules_debug\tcpclientmodule_impl.obj
c:\users\sfengchao\source\repos\vip\win-client\obj\debug\modules_debug\sysconfigmodule_impl.obj
c:\users\sfengchao\source\repos\vip\win-client\obj\debug\modules_debug\sysconfigdialog.obj
c:\users\sfengchao\source\repos\vip\win-client\obj\debug\modules_debug\serverconfigdialog.obj
c:\users\sfengchao\source\repos\vip\win-client\obj\debug\modules_debug\userdetailinfodialog.obj
c:\users\sfengchao\source\repos\vip\win-client\obj\debug\modules_debug\uirecentsessionlist.obj
c:\users\sfengchao\source\repos\vip\win-client\obj\debug\modules_debug\uiimlistcommondefine.obj
c:\users\sfengchao\source\repos\vip\win-client\obj\debug\modules_debug\uiimlist.obj
c:\users\sfengchao\source\repos\vip\win-client\obj\debug\modules_debug\uiimedit.obj
c:\users\sfengchao\source\repos\vip\win-client\obj\debug\modules_debug\uigroupstreelist.obj
c:\users\sfengchao\source\repos\vip\win-client\obj\debug\modules_debug\uieausertreelist.obj
c:\users\sfengchao\source\repos\vip\win-client\obj\debug\modules_debug\sessionlayout_function.obj
c:\users\sfengchao\source\repos\vip\win-client\obj\debug\modules_debug\sessionlayout_event.obj
c:\users\sfengchao\source\repos\vip\win-client\obj\debug\modules_debug\modules.res
c:\users\sfengchao\source\repos\vip\win-client\obj\debug\modules_debug\modules.tlog\cl.command.1.tlog
c:\users\sfengchao\source\repos\vip\win-client\obj\debug\modules_debug\modules.tlog\cl.read.1.tlog
c:\users\sfengchao\source\repos\vip\win-client\obj\debug\modules_debug\modules.tlog\cl.write.1.tlog
c:\users\sfengchao\source\repos\vip\win-client\obj\debug\modules_debug\modules.tlog\link.command.1.tlog
c:\users\sfengchao\source\repos\vip\win-client\obj\debug\modules_debug\modules.tlog\link.read.1.tlog
c:\users\sfengchao\source\repos\vip\win-client\obj\debug\modules_debug\modules.tlog\link.write.1.tlog
c:\users\sfengchao\source\repos\vip\win-client\obj\debug\modules_debug\modules.tlog\rc.command.1.tlog
c:\users\sfengchao\source\repos\vip\win-client\obj\debug\modules_debug\modules.tlog\rc.read.1.tlog
c:\users\sfengchao\source\repos\vip\win-client\obj\debug\modules_debug\modules.tlog\rc.write.1.tlog
